[2024-10-03 18:36:00] local.ERROR: Please provide a valid cache path. {"exception":"[object] (InvalidArgumentException(code: 0): Please provide a valid cache path. at /workspaces/olstednyt/vendor/laravel/framework/src/Illuminate/View/Compilers/Compiler.php:67)
[stacktrace]
#0 /workspaces/olstednyt/vendor/laravel/framework/src/Illuminate/View/ViewServiceProvider.php(97): Illuminate\\View\\Compilers\\Compiler->__construct()
#1 /workspaces/olstednyt/vendor/laravel/framework/src/Illuminate/Container/Container.php(931): Illuminate\\View\\ViewServiceProvider->Illuminate\\View\\{closure}()
#2 /workspaces/olstednyt/vendor/laravel/framework/src/Illuminate/Container/Container.php(815): Illuminate\\Container\\Container->build()
#3 /workspaces/olstednyt/vendor/laravel/framework/src/Illuminate/Foundation/Application.php(1046): Illuminate\\Container\\Container->resolve()
#4 /workspaces/olstednyt/vendor/laravel/framework/src/Illuminate/Container/Container.php(751): Illuminate\\Foundation\\Application->resolve()
#5 /workspaces/olstednyt/vendor/laravel/framework/src/Illuminate/Foundation/Application.php(1028): Illuminate\\Container\\Container->make()
#6 /workspaces/olstednyt/vendor/laravel/framework/src/Illuminate/Container/Container.php(1555): Illuminate\\Foundation\\Application->make()
#7 /workspaces/olstednyt/vendor/laravel/framework/src/Illuminate/Support/Facades/Facade.php(237): Illuminate\\Container\\Container->offsetGet()
#8 /workspaces/olstednyt/vendor/laravel/framework/src/Illuminate/Support/Facades/Facade.php(208): Illuminate\\Support\\Facades\\Facade::resolveFacadeInstance()
#9 /workspaces/olstednyt/vendor/laravel/framework/src/Illuminate/Support/Facades/Facade.php(352): Illuminate\\Support\\Facades\\Facade::getFacadeRoot()
#10 /workspaces/olstednyt/vendor/statamic/cms/src/View/Interop/Stacks.php(14): Illuminate\\Support\\Facades\\Facade::__callStatic()
#11 /workspaces/olstednyt/vendor/statamic/cms/src/Providers/ViewServiceProvider.php(53): Statamic\\View\\Interop\\Stacks::register()
#12 /workspaces/olstednyt/vendor/statamic/cms/src/Providers/ViewServiceProvider.php(44): Statamic\\Providers\\ViewServiceProvider->registerAntlers()
#13 /workspaces/olstednyt/vendor/laravel/framework/src/Illuminate/Foundation/Application.php(868): Statamic\\Providers\\ViewServiceProvider->register()
#14 /workspaces/olstednyt/vendor/laravel/framework/src/Illuminate/Support/AggregateServiceProvider.php(31): Illuminate\\Foundation\\Application->register()
#15 /workspaces/olstednyt/vendor/laravel/framework/src/Illuminate/Foundation/Application.php(868): Illuminate\\Support\\AggregateServiceProvider->register()
#16 /workspaces/olstednyt/vendor/laravel/framework/src/Illuminate/Foundation/ProviderRepository.php(75): Illuminate\\Foundation\\Application->register()
#17 /workspaces/olstednyt/vendor/laravel/framework/src/Illuminate/Foundation/Application.php(843): Illuminate\\Foundation\\ProviderRepository->load()
#18 /workspaces/olstednyt/vendor/laravel/framework/src/Illuminate/Foundation/Bootstrap/RegisterProviders.php(37): Illuminate\\Foundation\\Application->registerConfiguredProviders()
#19 /workspaces/olstednyt/vendor/laravel/framework/src/Illuminate/Foundation/Application.php(316): Illuminate\\Foundation\\Bootstrap\\RegisterProviders->bootstrap()
#20 /workspaces/olstednyt/vendor/laravel/framework/src/Illuminate/Foundation/Console/Kernel.php(473): Illuminate\\Foundation\\Application->bootstrapWith()
#21 /workspaces/olstednyt/vendor/laravel/framework/src/Illuminate/Foundation/Console/Kernel.php(195): Illuminate\\Foundation\\Console\\Kernel->bootstrap()
#22 /workspaces/olstednyt/vendor/laravel/framework/src/Illuminate/Foundation/Application.php(1203): Illuminate\\Foundation\\Console\\Kernel->handle()
#23 /workspaces/olstednyt/artisan(13): Illuminate\\Foundation\\Application->handleCommand()
#24 {main}
"} 
[2024-10-03 20:56:00] local.ERROR: Please provide a valid cache path. {"exception":"[object] (InvalidArgumentException(code: 0): Please provide a valid cache path. at /workspaces/olstednyt/vendor/laravel/framework/src/Illuminate/View/Compilers/Compiler.php:67)
[stacktrace]
#0 /workspaces/olstednyt/vendor/laravel/framework/src/Illuminate/View/ViewServiceProvider.php(97): Illuminate\\View\\Compilers\\Compiler->__construct()
#1 /workspaces/olstednyt/vendor/laravel/framework/src/Illuminate/Container/Container.php(931): Illuminate\\View\\ViewServiceProvider->Illuminate\\View\\{closure}()
#2 /workspaces/olstednyt/vendor/laravel/framework/src/Illuminate/Container/Container.php(815): Illuminate\\Container\\Container->build()
#3 /workspaces/olstednyt/vendor/laravel/framework/src/Illuminate/Foundation/Application.php(1046): Illuminate\\Container\\Container->resolve()
#4 /workspaces/olstednyt/vendor/laravel/framework/src/Illuminate/Container/Container.php(751): Illuminate\\Foundation\\Application->resolve()
#5 /workspaces/olstednyt/vendor/laravel/framework/src/Illuminate/Foundation/Application.php(1028): Illuminate\\Container\\Container->make()
#6 /workspaces/olstednyt/vendor/laravel/framework/src/Illuminate/Container/Container.php(1555): Illuminate\\Foundation\\Application->make()
#7 /workspaces/olstednyt/vendor/laravel/framework/src/Illuminate/Support/Facades/Facade.php(237): Illuminate\\Container\\Container->offsetGet()
#8 /workspaces/olstednyt/vendor/laravel/framework/src/Illuminate/Support/Facades/Facade.php(208): Illuminate\\Support\\Facades\\Facade::resolveFacadeInstance()
#9 /workspaces/olstednyt/vendor/laravel/framework/src/Illuminate/Support/Facades/Facade.php(352): Illuminate\\Support\\Facades\\Facade::getFacadeRoot()
#10 /workspaces/olstednyt/vendor/statamic/cms/src/View/Interop/Stacks.php(14): Illuminate\\Support\\Facades\\Facade::__callStatic()
#11 /workspaces/olstednyt/vendor/statamic/cms/src/Providers/ViewServiceProvider.php(53): Statamic\\View\\Interop\\Stacks::register()
#12 /workspaces/olstednyt/vendor/statamic/cms/src/Providers/ViewServiceProvider.php(44): Statamic\\Providers\\ViewServiceProvider->registerAntlers()
#13 /workspaces/olstednyt/vendor/laravel/framework/src/Illuminate/Foundation/Application.php(868): Statamic\\Providers\\ViewServiceProvider->register()
#14 /workspaces/olstednyt/vendor/laravel/framework/src/Illuminate/Support/AggregateServiceProvider.php(31): Illuminate\\Foundation\\Application->register()
#15 /workspaces/olstednyt/vendor/laravel/framework/src/Illuminate/Foundation/Application.php(868): Illuminate\\Support\\AggregateServiceProvider->register()
#16 /workspaces/olstednyt/vendor/laravel/framework/src/Illuminate/Foundation/ProviderRepository.php(75): Illuminate\\Foundation\\Application->register()
#17 /workspaces/olstednyt/vendor/laravel/framework/src/Illuminate/Foundation/Application.php(843): Illuminate\\Foundation\\ProviderRepository->load()
#18 /workspaces/olstednyt/vendor/laravel/framework/src/Illuminate/Foundation/Bootstrap/RegisterProviders.php(37): Illuminate\\Foundation\\Application->registerConfiguredProviders()
#19 /workspaces/olstednyt/vendor/laravel/framework/src/Illuminate/Foundation/Application.php(316): Illuminate\\Foundation\\Bootstrap\\RegisterProviders->bootstrap()
#20 /workspaces/olstednyt/vendor/laravel/framework/src/Illuminate/Foundation/Console/Kernel.php(473): Illuminate\\Foundation\\Application->bootstrapWith()
#21 /workspaces/olstednyt/vendor/laravel/framework/src/Illuminate/Foundation/Console/Kernel.php(195): Illuminate\\Foundation\\Console\\Kernel->bootstrap()
#22 /workspaces/olstednyt/vendor/laravel/framework/src/Illuminate/Foundation/Application.php(1203): Illuminate\\Foundation\\Console\\Kernel->handle()
#23 /workspaces/olstednyt/artisan(13): Illuminate\\Foundation\\Application->handleCommand()
#24 {main}
"} 
[2024-10-03 20:56:24] local.ERROR: Please provide a valid cache path. {"exception":"[object] (InvalidArgumentException(code: 0): Please provide a valid cache path. at /workspaces/olstednyt/vendor/laravel/framework/src/Illuminate/View/Compilers/Compiler.php:67)
[stacktrace]
#0 /workspaces/olstednyt/vendor/laravel/framework/src/Illuminate/View/ViewServiceProvider.php(97): Illuminate\\View\\Compilers\\Compiler->__construct()
#1 /workspaces/olstednyt/vendor/laravel/framework/src/Illuminate/Container/Container.php(931): Illuminate\\View\\ViewServiceProvider->Illuminate\\View\\{closure}()
#2 /workspaces/olstednyt/vendor/laravel/framework/src/Illuminate/Container/Container.php(815): Illuminate\\Container\\Container->build()
#3 /workspaces/olstednyt/vendor/laravel/framework/src/Illuminate/Foundation/Application.php(1046): Illuminate\\Container\\Container->resolve()
#4 /workspaces/olstednyt/vendor/laravel/framework/src/Illuminate/Container/Container.php(751): Illuminate\\Foundation\\Application->resolve()
#5 /workspaces/olstednyt/vendor/laravel/framework/src/Illuminate/Foundation/Application.php(1028): Illuminate\\Container\\Container->make()
#6 /workspaces/olstednyt/vendor/laravel/framework/src/Illuminate/Container/Container.php(1555): Illuminate\\Foundation\\Application->make()
#7 /workspaces/olstednyt/vendor/laravel/framework/src/Illuminate/Support/Facades/Facade.php(237): Illuminate\\Container\\Container->offsetGet()
#8 /workspaces/olstednyt/vendor/laravel/framework/src/Illuminate/Support/Facades/Facade.php(208): Illuminate\\Support\\Facades\\Facade::resolveFacadeInstance()
#9 /workspaces/olstednyt/vendor/laravel/framework/src/Illuminate/Support/Facades/Facade.php(352): Illuminate\\Support\\Facades\\Facade::getFacadeRoot()
#10 /workspaces/olstednyt/vendor/statamic/cms/src/View/Interop/Stacks.php(14): Illuminate\\Support\\Facades\\Facade::__callStatic()
#11 /workspaces/olstednyt/vendor/statamic/cms/src/Providers/ViewServiceProvider.php(53): Statamic\\View\\Interop\\Stacks::register()
#12 /workspaces/olstednyt/vendor/statamic/cms/src/Providers/ViewServiceProvider.php(44): Statamic\\Providers\\ViewServiceProvider->registerAntlers()
#13 /workspaces/olstednyt/vendor/laravel/framework/src/Illuminate/Foundation/Application.php(868): Statamic\\Providers\\ViewServiceProvider->register()
#14 /workspaces/olstednyt/vendor/laravel/framework/src/Illuminate/Support/AggregateServiceProvider.php(31): Illuminate\\Foundation\\Application->register()
#15 /workspaces/olstednyt/vendor/laravel/framework/src/Illuminate/Foundation/Application.php(868): Illuminate\\Support\\AggregateServiceProvider->register()
#16 /workspaces/olstednyt/vendor/laravel/framework/src/Illuminate/Foundation/ProviderRepository.php(75): Illuminate\\Foundation\\Application->register()
#17 /workspaces/olstednyt/vendor/laravel/framework/src/Illuminate/Foundation/Application.php(843): Illuminate\\Foundation\\ProviderRepository->load()
#18 /workspaces/olstednyt/vendor/laravel/framework/src/Illuminate/Foundation/Bootstrap/RegisterProviders.php(37): Illuminate\\Foundation\\Application->registerConfiguredProviders()
#19 /workspaces/olstednyt/vendor/laravel/framework/src/Illuminate/Foundation/Application.php(316): Illuminate\\Foundation\\Bootstrap\\RegisterProviders->bootstrap()
#20 /workspaces/olstednyt/vendor/laravel/framework/src/Illuminate/Foundation/Console/Kernel.php(473): Illuminate\\Foundation\\Application->bootstrapWith()
#21 /workspaces/olstednyt/vendor/laravel/framework/src/Illuminate/Foundation/Console/Kernel.php(195): Illuminate\\Foundation\\Console\\Kernel->bootstrap()
#22 /workspaces/olstednyt/vendor/laravel/framework/src/Illuminate/Foundation/Application.php(1203): Illuminate\\Foundation\\Console\\Kernel->handle()
#23 /workspaces/olstednyt/artisan(13): Illuminate\\Foundation\\Application->handleCommand()
#24 {main}
"} 
[2024-10-03 20:56:29] local.ERROR: Please provide a valid cache path. {"exception":"[object] (InvalidArgumentException(code: 0): Please provide a valid cache path. at /workspaces/olstednyt/vendor/laravel/framework/src/Illuminate/View/Compilers/Compiler.php:67)
[stacktrace]
#0 /workspaces/olstednyt/vendor/laravel/framework/src/Illuminate/View/ViewServiceProvider.php(97): Illuminate\\View\\Compilers\\Compiler->__construct()
#1 /workspaces/olstednyt/vendor/laravel/framework/src/Illuminate/Container/Container.php(931): Illuminate\\View\\ViewServiceProvider->Illuminate\\View\\{closure}()
#2 /workspaces/olstednyt/vendor/laravel/framework/src/Illuminate/Container/Container.php(815): Illuminate\\Container\\Container->build()
#3 /workspaces/olstednyt/vendor/laravel/framework/src/Illuminate/Foundation/Application.php(1046): Illuminate\\Container\\Container->resolve()
#4 /workspaces/olstednyt/vendor/laravel/framework/src/Illuminate/Container/Container.php(751): Illuminate\\Foundation\\Application->resolve()
#5 /workspaces/olstednyt/vendor/laravel/framework/src/Illuminate/Foundation/Application.php(1028): Illuminate\\Container\\Container->make()
#6 /workspaces/olstednyt/vendor/laravel/framework/src/Illuminate/Container/Container.php(1555): Illuminate\\Foundation\\Application->make()
#7 /workspaces/olstednyt/vendor/laravel/framework/src/Illuminate/Support/Facades/Facade.php(237): Illuminate\\Container\\Container->offsetGet()
#8 /workspaces/olstednyt/vendor/laravel/framework/src/Illuminate/Support/Facades/Facade.php(208): Illuminate\\Support\\Facades\\Facade::resolveFacadeInstance()
#9 /workspaces/olstednyt/vendor/laravel/framework/src/Illuminate/Support/Facades/Facade.php(352): Illuminate\\Support\\Facades\\Facade::getFacadeRoot()
#10 /workspaces/olstednyt/vendor/statamic/cms/src/View/Interop/Stacks.php(14): Illuminate\\Support\\Facades\\Facade::__callStatic()
#11 /workspaces/olstednyt/vendor/statamic/cms/src/Providers/ViewServiceProvider.php(53): Statamic\\View\\Interop\\Stacks::register()
#12 /workspaces/olstednyt/vendor/statamic/cms/src/Providers/ViewServiceProvider.php(44): Statamic\\Providers\\ViewServiceProvider->registerAntlers()
#13 /workspaces/olstednyt/vendor/laravel/framework/src/Illuminate/Foundation/Application.php(868): Statamic\\Providers\\ViewServiceProvider->register()
#14 /workspaces/olstednyt/vendor/laravel/framework/src/Illuminate/Support/AggregateServiceProvider.php(31): Illuminate\\Foundation\\Application->register()
#15 /workspaces/olstednyt/vendor/laravel/framework/src/Illuminate/Foundation/Application.php(868): Illuminate\\Support\\AggregateServiceProvider->register()
#16 /workspaces/olstednyt/vendor/laravel/framework/src/Illuminate/Foundation/ProviderRepository.php(75): Illuminate\\Foundation\\Application->register()
#17 /workspaces/olstednyt/vendor/laravel/framework/src/Illuminate/Foundation/Application.php(843): Illuminate\\Foundation\\ProviderRepository->load()
#18 /workspaces/olstednyt/vendor/laravel/framework/src/Illuminate/Foundation/Bootstrap/RegisterProviders.php(37): Illuminate\\Foundation\\Application->registerConfiguredProviders()
#19 /workspaces/olstednyt/vendor/laravel/framework/src/Illuminate/Foundation/Application.php(316): Illuminate\\Foundation\\Bootstrap\\RegisterProviders->bootstrap()
#20 /workspaces/olstednyt/vendor/laravel/framework/src/Illuminate/Foundation/Console/Kernel.php(473): Illuminate\\Foundation\\Application->bootstrapWith()
#21 /workspaces/olstednyt/vendor/laravel/framework/src/Illuminate/Foundation/Console/Kernel.php(195): Illuminate\\Foundation\\Console\\Kernel->bootstrap()
#22 /workspaces/olstednyt/vendor/laravel/framework/src/Illuminate/Foundation/Application.php(1203): Illuminate\\Foundation\\Console\\Kernel->handle()
#23 /workspaces/olstednyt/artisan(13): Illuminate\\Foundation\\Application->handleCommand()
#24 {main}
"} 
[2024-10-03 20:58:57] local.ERROR: Please provide a valid cache path. {"exception":"[object] (InvalidArgumentException(code: 0): Please provide a valid cache path. at /workspaces/olstednyt/vendor/laravel/framework/src/Illuminate/View/Compilers/Compiler.php:67)
[stacktrace]
#0 /workspaces/olstednyt/vendor/laravel/framework/src/Illuminate/View/ViewServiceProvider.php(97): Illuminate\\View\\Compilers\\Compiler->__construct()
#1 /workspaces/olstednyt/vendor/laravel/framework/src/Illuminate/Container/Container.php(931): Illuminate\\View\\ViewServiceProvider->Illuminate\\View\\{closure}()
#2 /workspaces/olstednyt/vendor/laravel/framework/src/Illuminate/Container/Container.php(815): Illuminate\\Container\\Container->build()
#3 /workspaces/olstednyt/vendor/laravel/framework/src/Illuminate/Foundation/Application.php(1046): Illuminate\\Container\\Container->resolve()
#4 /workspaces/olstednyt/vendor/laravel/framework/src/Illuminate/Container/Container.php(751): Illuminate\\Foundation\\Application->resolve()
#5 /workspaces/olstednyt/vendor/laravel/framework/src/Illuminate/Foundation/Application.php(1028): Illuminate\\Container\\Container->make()
#6 /workspaces/olstednyt/vendor/laravel/framework/src/Illuminate/Container/Container.php(1555): Illuminate\\Foundation\\Application->make()
#7 /workspaces/olstednyt/vendor/laravel/framework/src/Illuminate/Support/Facades/Facade.php(237): Illuminate\\Container\\Container->offsetGet()
#8 /workspaces/olstednyt/vendor/laravel/framework/src/Illuminate/Support/Facades/Facade.php(208): Illuminate\\Support\\Facades\\Facade::resolveFacadeInstance()
#9 /workspaces/olstednyt/vendor/laravel/framework/src/Illuminate/Support/Facades/Facade.php(352): Illuminate\\Support\\Facades\\Facade::getFacadeRoot()
#10 /workspaces/olstednyt/vendor/statamic/cms/src/View/Interop/Stacks.php(14): Illuminate\\Support\\Facades\\Facade::__callStatic()
#11 /workspaces/olstednyt/vendor/statamic/cms/src/Providers/ViewServiceProvider.php(53): Statamic\\View\\Interop\\Stacks::register()
#12 /workspaces/olstednyt/vendor/statamic/cms/src/Providers/ViewServiceProvider.php(44): Statamic\\Providers\\ViewServiceProvider->registerAntlers()
#13 /workspaces/olstednyt/vendor/laravel/framework/src/Illuminate/Foundation/Application.php(868): Statamic\\Providers\\ViewServiceProvider->register()
#14 /workspaces/olstednyt/vendor/laravel/framework/src/Illuminate/Support/AggregateServiceProvider.php(31): Illuminate\\Foundation\\Application->register()
#15 /workspaces/olstednyt/vendor/laravel/framework/src/Illuminate/Foundation/Application.php(868): Illuminate\\Support\\AggregateServiceProvider->register()
#16 /workspaces/olstednyt/vendor/laravel/framework/src/Illuminate/Foundation/ProviderRepository.php(75): Illuminate\\Foundation\\Application->register()
#17 /workspaces/olstednyt/vendor/laravel/framework/src/Illuminate/Foundation/Application.php(843): Illuminate\\Foundation\\ProviderRepository->load()
#18 /workspaces/olstednyt/vendor/laravel/framework/src/Illuminate/Foundation/Bootstrap/RegisterProviders.php(37): Illuminate\\Foundation\\Application->registerConfiguredProviders()
#19 /workspaces/olstednyt/vendor/laravel/framework/src/Illuminate/Foundation/Application.php(316): Illuminate\\Foundation\\Bootstrap\\RegisterProviders->bootstrap()
#20 /workspaces/olstednyt/vendor/laravel/framework/src/Illuminate/Foundation/Console/Kernel.php(473): Illuminate\\Foundation\\Application->bootstrapWith()
#21 /workspaces/olstednyt/vendor/laravel/framework/src/Illuminate/Foundation/Console/Kernel.php(195): Illuminate\\Foundation\\Console\\Kernel->bootstrap()
#22 /workspaces/olstednyt/vendor/laravel/framework/src/Illuminate/Foundation/Application.php(1203): Illuminate\\Foundation\\Console\\Kernel->handle()
#23 /workspaces/olstednyt/artisan(13): Illuminate\\Foundation\\Application->handleCommand()
#24 {main}
"} 
[2024-10-03 20:59:11] local.ERROR: Please provide a valid cache path. {"exception":"[object] (InvalidArgumentException(code: 0): Please provide a valid cache path. at /workspaces/olstednyt/vendor/laravel/framework/src/Illuminate/View/Compilers/Compiler.php:67)
[stacktrace]
#0 /workspaces/olstednyt/vendor/laravel/framework/src/Illuminate/View/ViewServiceProvider.php(97): Illuminate\\View\\Compilers\\Compiler->__construct()
#1 /workspaces/olstednyt/vendor/laravel/framework/src/Illuminate/Container/Container.php(931): Illuminate\\View\\ViewServiceProvider->Illuminate\\View\\{closure}()
#2 /workspaces/olstednyt/vendor/laravel/framework/src/Illuminate/Container/Container.php(815): Illuminate\\Container\\Container->build()
#3 /workspaces/olstednyt/vendor/laravel/framework/src/Illuminate/Foundation/Application.php(1046): Illuminate\\Container\\Container->resolve()
#4 /workspaces/olstednyt/vendor/laravel/framework/src/Illuminate/Container/Container.php(751): Illuminate\\Foundation\\Application->resolve()
#5 /workspaces/olstednyt/vendor/laravel/framework/src/Illuminate/Foundation/Application.php(1028): Illuminate\\Container\\Container->make()
#6 /workspaces/olstednyt/vendor/laravel/framework/src/Illuminate/Container/Container.php(1555): Illuminate\\Foundation\\Application->make()
#7 /workspaces/olstednyt/vendor/laravel/framework/src/Illuminate/Support/Facades/Facade.php(237): Illuminate\\Container\\Container->offsetGet()
#8 /workspaces/olstednyt/vendor/laravel/framework/src/Illuminate/Support/Facades/Facade.php(208): Illuminate\\Support\\Facades\\Facade::resolveFacadeInstance()
#9 /workspaces/olstednyt/vendor/laravel/framework/src/Illuminate/Support/Facades/Facade.php(352): Illuminate\\Support\\Facades\\Facade::getFacadeRoot()
#10 /workspaces/olstednyt/vendor/statamic/cms/src/View/Interop/Stacks.php(14): Illuminate\\Support\\Facades\\Facade::__callStatic()
#11 /workspaces/olstednyt/vendor/statamic/cms/src/Providers/ViewServiceProvider.php(53): Statamic\\View\\Interop\\Stacks::register()
#12 /workspaces/olstednyt/vendor/statamic/cms/src/Providers/ViewServiceProvider.php(44): Statamic\\Providers\\ViewServiceProvider->registerAntlers()
#13 /workspaces/olstednyt/vendor/laravel/framework/src/Illuminate/Foundation/Application.php(868): Statamic\\Providers\\ViewServiceProvider->register()
#14 /workspaces/olstednyt/vendor/laravel/framework/src/Illuminate/Support/AggregateServiceProvider.php(31): Illuminate\\Foundation\\Application->register()
#15 /workspaces/olstednyt/vendor/laravel/framework/src/Illuminate/Foundation/Application.php(868): Illuminate\\Support\\AggregateServiceProvider->register()
#16 /workspaces/olstednyt/vendor/laravel/framework/src/Illuminate/Foundation/ProviderRepository.php(75): Illuminate\\Foundation\\Application->register()
#17 /workspaces/olstednyt/vendor/laravel/framework/src/Illuminate/Foundation/Application.php(843): Illuminate\\Foundation\\ProviderRepository->load()
#18 /workspaces/olstednyt/vendor/laravel/framework/src/Illuminate/Foundation/Bootstrap/RegisterProviders.php(37): Illuminate\\Foundation\\Application->registerConfiguredProviders()
#19 /workspaces/olstednyt/vendor/laravel/framework/src/Illuminate/Foundation/Application.php(316): Illuminate\\Foundation\\Bootstrap\\RegisterProviders->bootstrap()
#20 /workspaces/olstednyt/vendor/laravel/framework/src/Illuminate/Foundation/Console/Kernel.php(473): Illuminate\\Foundation\\Application->bootstrapWith()
#21 /workspaces/olstednyt/vendor/laravel/framework/src/Illuminate/Foundation/Console/Kernel.php(195): Illuminate\\Foundation\\Console\\Kernel->bootstrap()
#22 /workspaces/olstednyt/vendor/laravel/framework/src/Illuminate/Foundation/Application.php(1203): Illuminate\\Foundation\\Console\\Kernel->handle()
#23 /workspaces/olstednyt/artisan(13): Illuminate\\Foundation\\Application->handleCommand()
#24 {main}
"} 
[2024-10-03 20:59:14] local.ERROR: Please provide a valid cache path. {"exception":"[object] (InvalidArgumentException(code: 0): Please provide a valid cache path. at /workspaces/olstednyt/vendor/laravel/framework/src/Illuminate/View/Compilers/Compiler.php:67)
[stacktrace]
#0 /workspaces/olstednyt/vendor/laravel/framework/src/Illuminate/View/ViewServiceProvider.php(97): Illuminate\\View\\Compilers\\Compiler->__construct()
#1 /workspaces/olstednyt/vendor/laravel/framework/src/Illuminate/Container/Container.php(931): Illuminate\\View\\ViewServiceProvider->Illuminate\\View\\{closure}()
#2 /workspaces/olstednyt/vendor/laravel/framework/src/Illuminate/Container/Container.php(815): Illuminate\\Container\\Container->build()
#3 /workspaces/olstednyt/vendor/laravel/framework/src/Illuminate/Foundation/Application.php(1046): Illuminate\\Container\\Container->resolve()
#4 /workspaces/olstednyt/vendor/laravel/framework/src/Illuminate/Container/Container.php(751): Illuminate\\Foundation\\Application->resolve()
#5 /workspaces/olstednyt/vendor/laravel/framework/src/Illuminate/Foundation/Application.php(1028): Illuminate\\Container\\Container->make()
#6 /workspaces/olstednyt/vendor/laravel/framework/src/Illuminate/Container/Container.php(1555): Illuminate\\Foundation\\Application->make()
#7 /workspaces/olstednyt/vendor/laravel/framework/src/Illuminate/Support/Facades/Facade.php(237): Illuminate\\Container\\Container->offsetGet()
#8 /workspaces/olstednyt/vendor/laravel/framework/src/Illuminate/Support/Facades/Facade.php(208): Illuminate\\Support\\Facades\\Facade::resolveFacadeInstance()
#9 /workspaces/olstednyt/vendor/laravel/framework/src/Illuminate/Support/Facades/Facade.php(352): Illuminate\\Support\\Facades\\Facade::getFacadeRoot()
#10 /workspaces/olstednyt/vendor/statamic/cms/src/View/Interop/Stacks.php(14): Illuminate\\Support\\Facades\\Facade::__callStatic()
#11 /workspaces/olstednyt/vendor/statamic/cms/src/Providers/ViewServiceProvider.php(53): Statamic\\View\\Interop\\Stacks::register()
#12 /workspaces/olstednyt/vendor/statamic/cms/src/Providers/ViewServiceProvider.php(44): Statamic\\Providers\\ViewServiceProvider->registerAntlers()
#13 /workspaces/olstednyt/vendor/laravel/framework/src/Illuminate/Foundation/Application.php(868): Statamic\\Providers\\ViewServiceProvider->register()
#14 /workspaces/olstednyt/vendor/laravel/framework/src/Illuminate/Support/AggregateServiceProvider.php(31): Illuminate\\Foundation\\Application->register()
#15 /workspaces/olstednyt/vendor/laravel/framework/src/Illuminate/Foundation/Application.php(868): Illuminate\\Support\\AggregateServiceProvider->register()
#16 /workspaces/olstednyt/vendor/laravel/framework/src/Illuminate/Foundation/ProviderRepository.php(75): Illuminate\\Foundation\\Application->register()
#17 /workspaces/olstednyt/vendor/laravel/framework/src/Illuminate/Foundation/Application.php(843): Illuminate\\Foundation\\ProviderRepository->load()
#18 /workspaces/olstednyt/vendor/laravel/framework/src/Illuminate/Foundation/Bootstrap/RegisterProviders.php(37): Illuminate\\Foundation\\Application->registerConfiguredProviders()
#19 /workspaces/olstednyt/vendor/laravel/framework/src/Illuminate/Foundation/Application.php(316): Illuminate\\Foundation\\Bootstrap\\RegisterProviders->bootstrap()
#20 /workspaces/olstednyt/vendor/laravel/framework/src/Illuminate/Foundation/Console/Kernel.php(473): Illuminate\\Foundation\\Application->bootstrapWith()
#21 /workspaces/olstednyt/vendor/laravel/framework/src/Illuminate/Foundation/Console/Kernel.php(195): Illuminate\\Foundation\\Console\\Kernel->bootstrap()
#22 /workspaces/olstednyt/vendor/laravel/framework/src/Illuminate/Foundation/Application.php(1203): Illuminate\\Foundation\\Console\\Kernel->handle()
#23 /workspaces/olstednyt/artisan(13): Illuminate\\Foundation\\Application->handleCommand()
#24 {main}
"} 
[2024-10-10 17:35:48] production.ERROR: Please provide a valid cache path. {"exception":"[object] (InvalidArgumentException(code: 0): Please provide a valid cache path. at /workspace/olstednyt/vendor/laravel/framework/src/Illuminate/View/Compilers/Compiler.php:67)
[stacktrace]
#0 /workspace/olstednyt/vendor/laravel/framework/src/Illuminate/View/ViewServiceProvider.php(97): Illuminate\\View\\Compilers\\Compiler->__construct()
#1 /workspace/olstednyt/vendor/laravel/framework/src/Illuminate/Container/Container.php(931): Illuminate\\View\\ViewServiceProvider->Illuminate\\View\\{closure}()
#2 /workspace/olstednyt/vendor/laravel/framework/src/Illuminate/Container/Container.php(815): Illuminate\\Container\\Container->build()
#3 /workspace/olstednyt/vendor/laravel/framework/src/Illuminate/Foundation/Application.php(1046): Illuminate\\Container\\Container->resolve()
#4 /workspace/olstednyt/vendor/laravel/framework/src/Illuminate/Container/Container.php(751): Illuminate\\Foundation\\Application->resolve()
#5 /workspace/olstednyt/vendor/laravel/framework/src/Illuminate/Foundation/Application.php(1028): Illuminate\\Container\\Container->make()
#6 /workspace/olstednyt/vendor/laravel/framework/src/Illuminate/Container/Container.php(1555): Illuminate\\Foundation\\Application->make()
#7 /workspace/olstednyt/vendor/laravel/framework/src/Illuminate/Support/Facades/Facade.php(237): Illuminate\\Container\\Container->offsetGet()
#8 /workspace/olstednyt/vendor/laravel/framework/src/Illuminate/Support/Facades/Facade.php(208): Illuminate\\Support\\Facades\\Facade::resolveFacadeInstance()
#9 /workspace/olstednyt/vendor/laravel/framework/src/Illuminate/Support/Facades/Facade.php(352): Illuminate\\Support\\Facades\\Facade::getFacadeRoot()
#10 /workspace/olstednyt/vendor/statamic/cms/src/View/Interop/Stacks.php(14): Illuminate\\Support\\Facades\\Facade::__callStatic()
#11 /workspace/olstednyt/vendor/statamic/cms/src/Providers/ViewServiceProvider.php(53): Statamic\\View\\Interop\\Stacks::register()
#12 /workspace/olstednyt/vendor/statamic/cms/src/Providers/ViewServiceProvider.php(44): Statamic\\Providers\\ViewServiceProvider->registerAntlers()
#13 /workspace/olstednyt/vendor/laravel/framework/src/Illuminate/Foundation/Application.php(868): Statamic\\Providers\\ViewServiceProvider->register()
#14 /workspace/olstednyt/vendor/laravel/framework/src/Illuminate/Support/AggregateServiceProvider.php(31): Illuminate\\Foundation\\Application->register()
#15 /workspace/olstednyt/vendor/laravel/framework/src/Illuminate/Foundation/Application.php(868): Illuminate\\Support\\AggregateServiceProvider->register()
#16 /workspace/olstednyt/vendor/laravel/framework/src/Illuminate/Foundation/ProviderRepository.php(75): Illuminate\\Foundation\\Application->register()
#17 /workspace/olstednyt/vendor/laravel/framework/src/Illuminate/Foundation/Application.php(843): Illuminate\\Foundation\\ProviderRepository->load()
#18 /workspace/olstednyt/vendor/laravel/framework/src/Illuminate/Foundation/Bootstrap/RegisterProviders.php(37): Illuminate\\Foundation\\Application->registerConfiguredProviders()
#19 /workspace/olstednyt/vendor/laravel/framework/src/Illuminate/Foundation/Application.php(316): Illuminate\\Foundation\\Bootstrap\\RegisterProviders->bootstrap()
#20 /workspace/olstednyt/vendor/laravel/framework/src/Illuminate/Foundation/Console/Kernel.php(473): Illuminate\\Foundation\\Application->bootstrapWith()
#21 /workspace/olstednyt/vendor/laravel/framework/src/Illuminate/Foundation/Console/Kernel.php(195): Illuminate\\Foundation\\Console\\Kernel->bootstrap()
#22 /workspace/olstednyt/vendor/laravel/framework/src/Illuminate/Foundation/Application.php(1203): Illuminate\\Foundation\\Console\\Kernel->handle()
#23 /workspace/olstednyt/artisan(13): Illuminate\\Foundation\\Application->handleCommand()
#24 {main}
"} 
[2024-10-10 17:36:16] production.ERROR: Please provide a valid cache path. {"exception":"[object] (InvalidArgumentException(code: 0): Please provide a valid cache path. at /workspace/olstednyt/vendor/laravel/framework/src/Illuminate/View/Compilers/Compiler.php:67)
[stacktrace]
#0 /workspace/olstednyt/vendor/laravel/framework/src/Illuminate/View/ViewServiceProvider.php(97): Illuminate\\View\\Compilers\\Compiler->__construct()
#1 /workspace/olstednyt/vendor/laravel/framework/src/Illuminate/Container/Container.php(931): Illuminate\\View\\ViewServiceProvider->Illuminate\\View\\{closure}()
#2 /workspace/olstednyt/vendor/laravel/framework/src/Illuminate/Container/Container.php(815): Illuminate\\Container\\Container->build()
#3 /workspace/olstednyt/vendor/laravel/framework/src/Illuminate/Foundation/Application.php(1046): Illuminate\\Container\\Container->resolve()
#4 /workspace/olstednyt/vendor/laravel/framework/src/Illuminate/Container/Container.php(751): Illuminate\\Foundation\\Application->resolve()
#5 /workspace/olstednyt/vendor/laravel/framework/src/Illuminate/Foundation/Application.php(1028): Illuminate\\Container\\Container->make()
#6 /workspace/olstednyt/vendor/laravel/framework/src/Illuminate/Container/Container.php(1555): Illuminate\\Foundation\\Application->make()
#7 /workspace/olstednyt/vendor/laravel/framework/src/Illuminate/Support/Facades/Facade.php(237): Illuminate\\Container\\Container->offsetGet()
#8 /workspace/olstednyt/vendor/laravel/framework/src/Illuminate/Support/Facades/Facade.php(208): Illuminate\\Support\\Facades\\Facade::resolveFacadeInstance()
#9 /workspace/olstednyt/vendor/laravel/framework/src/Illuminate/Support/Facades/Facade.php(352): Illuminate\\Support\\Facades\\Facade::getFacadeRoot()
#10 /workspace/olstednyt/vendor/statamic/cms/src/View/Interop/Stacks.php(14): Illuminate\\Support\\Facades\\Facade::__callStatic()
#11 /workspace/olstednyt/vendor/statamic/cms/src/Providers/ViewServiceProvider.php(53): Statamic\\View\\Interop\\Stacks::register()
#12 /workspace/olstednyt/vendor/statamic/cms/src/Providers/ViewServiceProvider.php(44): Statamic\\Providers\\ViewServiceProvider->registerAntlers()
#13 /workspace/olstednyt/vendor/laravel/framework/src/Illuminate/Foundation/Application.php(868): Statamic\\Providers\\ViewServiceProvider->register()
#14 /workspace/olstednyt/vendor/laravel/framework/src/Illuminate/Support/AggregateServiceProvider.php(31): Illuminate\\Foundation\\Application->register()
#15 /workspace/olstednyt/vendor/laravel/framework/src/Illuminate/Foundation/Application.php(868): Illuminate\\Support\\AggregateServiceProvider->register()
#16 /workspace/olstednyt/vendor/laravel/framework/src/Illuminate/Foundation/ProviderRepository.php(75): Illuminate\\Foundation\\Application->register()
#17 /workspace/olstednyt/vendor/laravel/framework/src/Illuminate/Foundation/Application.php(843): Illuminate\\Foundation\\ProviderRepository->load()
#18 /workspace/olstednyt/vendor/laravel/framework/src/Illuminate/Foundation/Bootstrap/RegisterProviders.php(37): Illuminate\\Foundation\\Application->registerConfiguredProviders()
#19 /workspace/olstednyt/vendor/laravel/framework/src/Illuminate/Foundation/Application.php(316): Illuminate\\Foundation\\Bootstrap\\RegisterProviders->bootstrap()
#20 /workspace/olstednyt/vendor/laravel/framework/src/Illuminate/Foundation/Console/Kernel.php(473): Illuminate\\Foundation\\Application->bootstrapWith()
#21 /workspace/olstednyt/vendor/laravel/framework/src/Illuminate/Foundation/Console/Kernel.php(195): Illuminate\\Foundation\\Console\\Kernel->bootstrap()
#22 /workspace/olstednyt/vendor/laravel/framework/src/Illuminate/Foundation/Application.php(1203): Illuminate\\Foundation\\Console\\Kernel->handle()
#23 /workspace/olstednyt/artisan(13): Illuminate\\Foundation\\Application->handleCommand()
#24 {main}
"} 
[2024-10-10 17:36:19] production.ERROR: Please provide a valid cache path. {"exception":"[object] (InvalidArgumentException(code: 0): Please provide a valid cache path. at /workspace/olstednyt/vendor/laravel/framework/src/Illuminate/View/Compilers/Compiler.php:67)
[stacktrace]
#0 /workspace/olstednyt/vendor/laravel/framework/src/Illuminate/View/ViewServiceProvider.php(97): Illuminate\\View\\Compilers\\Compiler->__construct()
#1 /workspace/olstednyt/vendor/laravel/framework/src/Illuminate/Container/Container.php(931): Illuminate\\View\\ViewServiceProvider->Illuminate\\View\\{closure}()
#2 /workspace/olstednyt/vendor/laravel/framework/src/Illuminate/Container/Container.php(815): Illuminate\\Container\\Container->build()
#3 /workspace/olstednyt/vendor/laravel/framework/src/Illuminate/Foundation/Application.php(1046): Illuminate\\Container\\Container->resolve()
#4 /workspace/olstednyt/vendor/laravel/framework/src/Illuminate/Container/Container.php(751): Illuminate\\Foundation\\Application->resolve()
#5 /workspace/olstednyt/vendor/laravel/framework/src/Illuminate/Foundation/Application.php(1028): Illuminate\\Container\\Container->make()
#6 /workspace/olstednyt/vendor/laravel/framework/src/Illuminate/Container/Container.php(1555): Illuminate\\Foundation\\Application->make()
#7 /workspace/olstednyt/vendor/laravel/framework/src/Illuminate/Support/Facades/Facade.php(237): Illuminate\\Container\\Container->offsetGet()
#8 /workspace/olstednyt/vendor/laravel/framework/src/Illuminate/Support/Facades/Facade.php(208): Illuminate\\Support\\Facades\\Facade::resolveFacadeInstance()
#9 /workspace/olstednyt/vendor/laravel/framework/src/Illuminate/Support/Facades/Facade.php(352): Illuminate\\Support\\Facades\\Facade::getFacadeRoot()
#10 /workspace/olstednyt/vendor/statamic/cms/src/View/Interop/Stacks.php(14): Illuminate\\Support\\Facades\\Facade::__callStatic()
#11 /workspace/olstednyt/vendor/statamic/cms/src/Providers/ViewServiceProvider.php(53): Statamic\\View\\Interop\\Stacks::register()
#12 /workspace/olstednyt/vendor/statamic/cms/src/Providers/ViewServiceProvider.php(44): Statamic\\Providers\\ViewServiceProvider->registerAntlers()
#13 /workspace/olstednyt/vendor/laravel/framework/src/Illuminate/Foundation/Application.php(868): Statamic\\Providers\\ViewServiceProvider->register()
#14 /workspace/olstednyt/vendor/laravel/framework/src/Illuminate/Support/AggregateServiceProvider.php(31): Illuminate\\Foundation\\Application->register()
#15 /workspace/olstednyt/vendor/laravel/framework/src/Illuminate/Foundation/Application.php(868): Illuminate\\Support\\AggregateServiceProvider->register()
#16 /workspace/olstednyt/vendor/laravel/framework/src/Illuminate/Foundation/ProviderRepository.php(75): Illuminate\\Foundation\\Application->register()
#17 /workspace/olstednyt/vendor/laravel/framework/src/Illuminate/Foundation/Application.php(843): Illuminate\\Foundation\\ProviderRepository->load()
#18 /workspace/olstednyt/vendor/laravel/framework/src/Illuminate/Foundation/Bootstrap/RegisterProviders.php(37): Illuminate\\Foundation\\Application->registerConfiguredProviders()
#19 /workspace/olstednyt/vendor/laravel/framework/src/Illuminate/Foundation/Application.php(316): Illuminate\\Foundation\\Bootstrap\\RegisterProviders->bootstrap()
#20 /workspace/olstednyt/vendor/laravel/framework/src/Illuminate/Foundation/Console/Kernel.php(473): Illuminate\\Foundation\\Application->bootstrapWith()
#21 /workspace/olstednyt/vendor/laravel/framework/src/Illuminate/Foundation/Console/Kernel.php(195): Illuminate\\Foundation\\Console\\Kernel->bootstrap()
#22 /workspace/olstednyt/vendor/laravel/framework/src/Illuminate/Foundation/Application.php(1203): Illuminate\\Foundation\\Console\\Kernel->handle()
#23 /workspace/olstednyt/artisan(13): Illuminate\\Foundation\\Application->handleCommand()
#24 {main}
"} 
[2024-10-10 17:36:21] production.ERROR: Please provide a valid cache path. {"exception":"[object] (InvalidArgumentException(code: 0): Please provide a valid cache path. at /workspace/olstednyt/vendor/laravel/framework/src/Illuminate/View/Compilers/Compiler.php:67)
[stacktrace]
#0 /workspace/olstednyt/vendor/laravel/framework/src/Illuminate/View/ViewServiceProvider.php(97): Illuminate\\View\\Compilers\\Compiler->__construct()
#1 /workspace/olstednyt/vendor/laravel/framework/src/Illuminate/Container/Container.php(931): Illuminate\\View\\ViewServiceProvider->Illuminate\\View\\{closure}()
#2 /workspace/olstednyt/vendor/laravel/framework/src/Illuminate/Container/Container.php(815): Illuminate\\Container\\Container->build()
#3 /workspace/olstednyt/vendor/laravel/framework/src/Illuminate/Foundation/Application.php(1046): Illuminate\\Container\\Container->resolve()
#4 /workspace/olstednyt/vendor/laravel/framework/src/Illuminate/Container/Container.php(751): Illuminate\\Foundation\\Application->resolve()
#5 /workspace/olstednyt/vendor/laravel/framework/src/Illuminate/Foundation/Application.php(1028): Illuminate\\Container\\Container->make()
#6 /workspace/olstednyt/vendor/laravel/framework/src/Illuminate/Container/Container.php(1555): Illuminate\\Foundation\\Application->make()
#7 /workspace/olstednyt/vendor/laravel/framework/src/Illuminate/Support/Facades/Facade.php(237): Illuminate\\Container\\Container->offsetGet()
#8 /workspace/olstednyt/vendor/laravel/framework/src/Illuminate/Support/Facades/Facade.php(208): Illuminate\\Support\\Facades\\Facade::resolveFacadeInstance()
#9 /workspace/olstednyt/vendor/laravel/framework/src/Illuminate/Support/Facades/Facade.php(352): Illuminate\\Support\\Facades\\Facade::getFacadeRoot()
#10 /workspace/olstednyt/vendor/statamic/cms/src/View/Interop/Stacks.php(14): Illuminate\\Support\\Facades\\Facade::__callStatic()
#11 /workspace/olstednyt/vendor/statamic/cms/src/Providers/ViewServiceProvider.php(53): Statamic\\View\\Interop\\Stacks::register()
#12 /workspace/olstednyt/vendor/statamic/cms/src/Providers/ViewServiceProvider.php(44): Statamic\\Providers\\ViewServiceProvider->registerAntlers()
#13 /workspace/olstednyt/vendor/laravel/framework/src/Illuminate/Foundation/Application.php(868): Statamic\\Providers\\ViewServiceProvider->register()
#14 /workspace/olstednyt/vendor/laravel/framework/src/Illuminate/Support/AggregateServiceProvider.php(31): Illuminate\\Foundation\\Application->register()
#15 /workspace/olstednyt/vendor/laravel/framework/src/Illuminate/Foundation/Application.php(868): Illuminate\\Support\\AggregateServiceProvider->register()
#16 /workspace/olstednyt/vendor/laravel/framework/src/Illuminate/Foundation/ProviderRepository.php(75): Illuminate\\Foundation\\Application->register()
#17 /workspace/olstednyt/vendor/laravel/framework/src/Illuminate/Foundation/Application.php(843): Illuminate\\Foundation\\ProviderRepository->load()
#18 /workspace/olstednyt/vendor/laravel/framework/src/Illuminate/Foundation/Bootstrap/RegisterProviders.php(37): Illuminate\\Foundation\\Application->registerConfiguredProviders()
#19 /workspace/olstednyt/vendor/laravel/framework/src/Illuminate/Foundation/Application.php(316): Illuminate\\Foundation\\Bootstrap\\RegisterProviders->bootstrap()
#20 /workspace/olstednyt/vendor/laravel/framework/src/Illuminate/Foundation/Console/Kernel.php(473): Illuminate\\Foundation\\Application->bootstrapWith()
#21 /workspace/olstednyt/vendor/laravel/framework/src/Illuminate/Foundation/Console/Kernel.php(195): Illuminate\\Foundation\\Console\\Kernel->bootstrap()
#22 /workspace/olstednyt/vendor/laravel/framework/src/Illuminate/Foundation/Application.php(1203): Illuminate\\Foundation\\Console\\Kernel->handle()
#23 /workspace/olstednyt/artisan(13): Illuminate\\Foundation\\Application->handleCommand()
#24 {main}
"} 
[2024-10-10 17:37:06] production.ERROR: Please provide a valid cache path. {"exception":"[object] (InvalidArgumentException(code: 0): Please provide a valid cache path. at /workspace/olstednyt/vendor/laravel/framework/src/Illuminate/View/Compilers/Compiler.php:67)
[stacktrace]
#0 /workspace/olstednyt/vendor/laravel/framework/src/Illuminate/View/ViewServiceProvider.php(97): Illuminate\\View\\Compilers\\Compiler->__construct()
#1 /workspace/olstednyt/vendor/laravel/framework/src/Illuminate/Container/Container.php(931): Illuminate\\View\\ViewServiceProvider->Illuminate\\View\\{closure}()
#2 /workspace/olstednyt/vendor/laravel/framework/src/Illuminate/Container/Container.php(815): Illuminate\\Container\\Container->build()
#3 /workspace/olstednyt/vendor/laravel/framework/src/Illuminate/Foundation/Application.php(1046): Illuminate\\Container\\Container->resolve()
#4 /workspace/olstednyt/vendor/laravel/framework/src/Illuminate/Container/Container.php(751): Illuminate\\Foundation\\Application->resolve()
#5 /workspace/olstednyt/vendor/laravel/framework/src/Illuminate/Foundation/Application.php(1028): Illuminate\\Container\\Container->make()
#6 /workspace/olstednyt/vendor/laravel/framework/src/Illuminate/Container/Container.php(1555): Illuminate\\Foundation\\Application->make()
#7 /workspace/olstednyt/vendor/laravel/framework/src/Illuminate/Support/Facades/Facade.php(237): Illuminate\\Container\\Container->offsetGet()
#8 /workspace/olstednyt/vendor/laravel/framework/src/Illuminate/Support/Facades/Facade.php(208): Illuminate\\Support\\Facades\\Facade::resolveFacadeInstance()
#9 /workspace/olstednyt/vendor/laravel/framework/src/Illuminate/Support/Facades/Facade.php(352): Illuminate\\Support\\Facades\\Facade::getFacadeRoot()
#10 /workspace/olstednyt/vendor/statamic/cms/src/View/Interop/Stacks.php(14): Illuminate\\Support\\Facades\\Facade::__callStatic()
#11 /workspace/olstednyt/vendor/statamic/cms/src/Providers/ViewServiceProvider.php(53): Statamic\\View\\Interop\\Stacks::register()
#12 /workspace/olstednyt/vendor/statamic/cms/src/Providers/ViewServiceProvider.php(44): Statamic\\Providers\\ViewServiceProvider->registerAntlers()
#13 /workspace/olstednyt/vendor/laravel/framework/src/Illuminate/Foundation/Application.php(868): Statamic\\Providers\\ViewServiceProvider->register()
#14 /workspace/olstednyt/vendor/laravel/framework/src/Illuminate/Support/AggregateServiceProvider.php(31): Illuminate\\Foundation\\Application->register()
#15 /workspace/olstednyt/vendor/laravel/framework/src/Illuminate/Foundation/Application.php(868): Illuminate\\Support\\AggregateServiceProvider->register()
#16 /workspace/olstednyt/vendor/laravel/framework/src/Illuminate/Foundation/ProviderRepository.php(75): Illuminate\\Foundation\\Application->register()
#17 /workspace/olstednyt/vendor/laravel/framework/src/Illuminate/Foundation/Application.php(843): Illuminate\\Foundation\\ProviderRepository->load()
#18 /workspace/olstednyt/vendor/laravel/framework/src/Illuminate/Foundation/Bootstrap/RegisterProviders.php(37): Illuminate\\Foundation\\Application->registerConfiguredProviders()
#19 /workspace/olstednyt/vendor/laravel/framework/src/Illuminate/Foundation/Application.php(316): Illuminate\\Foundation\\Bootstrap\\RegisterProviders->bootstrap()
#20 /workspace/olstednyt/vendor/laravel/framework/src/Illuminate/Foundation/Console/Kernel.php(473): Illuminate\\Foundation\\Application->bootstrapWith()
#21 /workspace/olstednyt/vendor/laravel/framework/src/Illuminate/Foundation/Console/Kernel.php(195): Illuminate\\Foundation\\Console\\Kernel->bootstrap()
#22 /workspace/olstednyt/vendor/laravel/framework/src/Illuminate/Foundation/Application.php(1203): Illuminate\\Foundation\\Console\\Kernel->handle()
#23 /workspace/olstednyt/artisan(13): Illuminate\\Foundation\\Application->handleCommand()
#24 {main}
"} 
[2024-10-10 17:37:08] production.ERROR: Please provide a valid cache path. {"exception":"[object] (InvalidArgumentException(code: 0): Please provide a valid cache path. at /workspace/olstednyt/vendor/laravel/framework/src/Illuminate/View/Compilers/Compiler.php:67)
[stacktrace]
#0 /workspace/olstednyt/vendor/laravel/framework/src/Illuminate/View/ViewServiceProvider.php(97): Illuminate\\View\\Compilers\\Compiler->__construct()
#1 /workspace/olstednyt/vendor/laravel/framework/src/Illuminate/Container/Container.php(931): Illuminate\\View\\ViewServiceProvider->Illuminate\\View\\{closure}()
#2 /workspace/olstednyt/vendor/laravel/framework/src/Illuminate/Container/Container.php(815): Illuminate\\Container\\Container->build()
#3 /workspace/olstednyt/vendor/laravel/framework/src/Illuminate/Foundation/Application.php(1046): Illuminate\\Container\\Container->resolve()
#4 /workspace/olstednyt/vendor/laravel/framework/src/Illuminate/Container/Container.php(751): Illuminate\\Foundation\\Application->resolve()
#5 /workspace/olstednyt/vendor/laravel/framework/src/Illuminate/Foundation/Application.php(1028): Illuminate\\Container\\Container->make()
#6 /workspace/olstednyt/vendor/laravel/framework/src/Illuminate/Container/Container.php(1555): Illuminate\\Foundation\\Application->make()
#7 /workspace/olstednyt/vendor/laravel/framework/src/Illuminate/Support/Facades/Facade.php(237): Illuminate\\Container\\Container->offsetGet()
#8 /workspace/olstednyt/vendor/laravel/framework/src/Illuminate/Support/Facades/Facade.php(208): Illuminate\\Support\\Facades\\Facade::resolveFacadeInstance()
#9 /workspace/olstednyt/vendor/laravel/framework/src/Illuminate/Support/Facades/Facade.php(352): Illuminate\\Support\\Facades\\Facade::getFacadeRoot()
#10 /workspace/olstednyt/vendor/statamic/cms/src/View/Interop/Stacks.php(14): Illuminate\\Support\\Facades\\Facade::__callStatic()
#11 /workspace/olstednyt/vendor/statamic/cms/src/Providers/ViewServiceProvider.php(53): Statamic\\View\\Interop\\Stacks::register()
#12 /workspace/olstednyt/vendor/statamic/cms/src/Providers/ViewServiceProvider.php(44): Statamic\\Providers\\ViewServiceProvider->registerAntlers()
#13 /workspace/olstednyt/vendor/laravel/framework/src/Illuminate/Foundation/Application.php(868): Statamic\\Providers\\ViewServiceProvider->register()
#14 /workspace/olstednyt/vendor/laravel/framework/src/Illuminate/Support/AggregateServiceProvider.php(31): Illuminate\\Foundation\\Application->register()
#15 /workspace/olstednyt/vendor/laravel/framework/src/Illuminate/Foundation/Application.php(868): Illuminate\\Support\\AggregateServiceProvider->register()
#16 /workspace/olstednyt/vendor/laravel/framework/src/Illuminate/Foundation/ProviderRepository.php(75): Illuminate\\Foundation\\Application->register()
#17 /workspace/olstednyt/vendor/laravel/framework/src/Illuminate/Foundation/Application.php(843): Illuminate\\Foundation\\ProviderRepository->load()
#18 /workspace/olstednyt/vendor/laravel/framework/src/Illuminate/Foundation/Bootstrap/RegisterProviders.php(37): Illuminate\\Foundation\\Application->registerConfiguredProviders()
#19 /workspace/olstednyt/vendor/laravel/framework/src/Illuminate/Foundation/Application.php(316): Illuminate\\Foundation\\Bootstrap\\RegisterProviders->bootstrap()
#20 /workspace/olstednyt/vendor/laravel/framework/src/Illuminate/Foundation/Console/Kernel.php(473): Illuminate\\Foundation\\Application->bootstrapWith()
#21 /workspace/olstednyt/vendor/laravel/framework/src/Illuminate/Foundation/Console/Kernel.php(195): Illuminate\\Foundation\\Console\\Kernel->bootstrap()
#22 /workspace/olstednyt/vendor/laravel/framework/src/Illuminate/Foundation/Application.php(1203): Illuminate\\Foundation\\Console\\Kernel->handle()
#23 /workspace/olstednyt/artisan(13): Illuminate\\Foundation\\Application->handleCommand()
#24 {main}
"} 
